Arguments: 
  C:\Program Files\nodejs\node.exe C:\Users\jit\AppData\Roaming\npm\node_modules\yarn\bin\yarn.js init

PATH: 
  C:\Users\jit\bin;C:\Program Files\Git\mingw64\bin;C:\Program Files\Git\usr\local\bin;C:\Program Files\Git\usr\bin;C:\Program Files\Git\usr\bin;C:\Program Files\Git\mingw64\bin;C:\Program Files\Git\usr\bin;C:\Users\jit\bin;C:\Program Files\Docker\Docker\Resources\bin;C:\ProgramData\Oracle\Java\javapath;C:\Program Files\Intel\iCLS Client;C:\WINDOWS\system32;C:\WINDOWS;C:\WINDOWS\System32\Wbem;C:\WINDOWS\System32\WindowsPowerShell\v1.0;C:\Program Files (x86)\HP\HP Performance Advisor;C:\Program Files\IBM\SPSS\Modeler\18.0\ext\bin\spss.TMWBServer\bin;C:\Program Files\IBM\SPSS\Modeler\18.0\bin;C:\Program Files\IBM\SPSS\Modeler\18.0\MPICH2\bin;C:\Program Files\IBM\SPSS\Modeler\18.0\TABI;C:\Python27;C:\Users\chenc\Anaconda2;C:\Program Files\IDM Computer Solutions\UltraEdit;C:\Users\chenc\AppData\Local\Programs\Python\Python35;C:\Program Files\Git\cmd;C:\Program Files (x86)\Intel\Intel(R) Management Engine Components\DAL;C:\Program Files\Intel\Intel(R) Management Engine Components\DAL;C:\Program Files\nodejs;C:\Program Files\Intel\WiFi\bin;C:\Program Files\Common Files\Intel\WirelessCommon;C:\Program Files\PuTTY;C:\Program Files\Amazon\AWSCLI\bin;C:\xampp73\php;C:\ProgramData\ComposerSetup\bin;C:\WINDOWS\System32\OpenSSH;C:\Users\jit\AppData\Local\Programs\Python\Python37-32\Scripts;C:\Users\jit\AppData\Local\Programs\Python\Python37-32;C:\Users\jit\AppData\Local\Microsoft\WindowsApps;C:\Users\jit\AppData\Roaming\npm;C:\Users\jit\AppData\Local\Programs\Microsoft VS Code\bin;C:\Users\jit\AppData\Roaming\Composer\vendor\bin;C:\Program Files\Amazon\AWSCLI\bin\aws.exe;C:\Program Files\Git\usr\bin\vendor_perl;C:\Program Files\Git\usr\bin\core_perl

Yarn version: 
  1.19.1

Node version: 
  10.16.3

Platform: 
  win32 x64

Trace: 
  Error: Can't answer a question unless a user TTY
      at ConsoleReporter.question (C:\Users\jit\AppData\Roaming\npm\node_modules\yarn\lib\cli.js:96655:59)
      at Object.<anonymous> (C:\Users\jit\AppData\Roaming\npm\node_modules\yarn\lib\cli.js:88996:38)
      at Generator.next (<anonymous>)
      at step (C:\Users\jit\AppData\Roaming\npm\node_modules\yarn\lib\cli.js:304:30)
      at C:\Users\jit\AppData\Roaming\npm\node_modules\yarn\lib\cli.js:315:13

npm manifest: 
  No manifest

yarn manifest: 
  No manifest

Lockfile: 
  No lockfile
